[2022-04-29 08:08:31] START
[2022-04-29 08:20:18] EDIT nfabsm/views/default/index.html: -10
[2022-04-29 10:04:55] EDIT nfabsm/views/default/index.html: -1
[2022-04-29 10:05:01] EDIT nfabsm/views/default/index.html: 0
[2022-04-29 10:05:42] EDIT nfabsm/views/default/index.html: 1
[2022-04-29 10:05:56] EDIT nfabsm/views/default/index.html: -1
[2022-04-30 11:25:07] EDIT nfabsm/models/db.py: 3
[2022-04-30 11:25:14] EDIT nfabsm/models/db.py: 0
[2022-04-30 11:25:22] EDIT nfabsm/models/db.py: 0
[2022-04-30 14:15:20] CREATE models/fixtures/init_db.py: 0
[2022-04-30 14:17:14] DELETE nfabsm/controllers/models/fixtures/init_db.py: -1
[2022-04-30 14:18:29] CREATE init_db.py: 0
[2022-04-30 15:24:22] EDIT nfabsm/controllers/init_db.py: -1
[2022-04-30 15:26:44] EDIT nfabsm/controllers/init_db.py: 0
[2022-04-30 15:31:47] EDIT nfabsm/controllers/init_db.py: 1
[2022-05-02 22:41:35] EDIT nfabsm/controllers/init_db.py: 1
[2022-05-02 22:41:58] EDIT nfabsm/controllers/init_db.py: 0
[2022-05-02 22:55:19] EDIT nfabsm/controllers/init_db.py: 0
[2022-05-02 23:13:17] EDIT nfabsm/controllers/init_db.py: 2
[2022-05-02 23:33:25] EDIT nfabsm/controllers/init_db.py: 21
[2022-05-03 00:16:00] EDIT nfabsm/controllers/init_db.py: 0
[2022-05-03 00:16:11] EDIT nfabsm/controllers/init_db.py: 0
[2022-05-04 08:15:59] EDIT nfabsm/models/db.py: 0
[2022-05-06 08:19:20] CREATE opforms.py: 0
[2022-05-07 12:23:53] CREATE library.py: 0
[2022-05-11 20:04:29] CREATE opforms/grid.html: 0
[2022-05-15 14:25:06] CREATE opforms/edit_AAP.html: 0
